 _   _                      _ ___________  _____     _ 
| | | |                    | |_   _| ___ \/  __ \   | |
| | | |_ __  _ __ ___  __ _| | | | | |_/ /| /  \/ __| |
| | | | '_ \| '__/ _ \/ _` | | | | |    / | |    / _` |
| |_| | | | | | |  __/ (_| | |_| |_| |\ \ | \__/\ (_| |
 \___/|_| |_|_|  \___|\__,_|_|\___/\_| \_| \____/\__,_|
                           v3.2.8.1
                     using TRE 0.7.5 (LGPL)
                     using libcurl/7.18.0 OpenSSL/0.9.8g zlib/1.2.3.3 libidn/1.1

* Loading IRCd configuration ..
* Configuration loaded without any problems ..
* Loading tunefile..
* Dynamic configuration initialized .. booting IRCd.
---------------------------------------------------------------------
 _   _                      _ ___________  _____     _ 
| | | |                    | |_   _| ___ \/  __ \   | |
| | | |_ __  _ __ ___  __ _| | | | | |_/ /| /  \/ __| |
| | | | '_ \| '__/ _ \/ _` | | | | |    / | |    / _` |
| |_| | | | | | |  __/ (_| | |_| |_| |\ \ | \__/\ (_| |
 \___/|_| |_|_|  \___|\__,_|_|\___/\_| \_| \____/\__,_|
                           v3.2.8.1
                     using TRE 0.7.5 (LGPL)
                     using libcurl/7.18.0 OpenSSL/0.9.8g zlib/1.2.3.3 libidn/1.1

* Loading IRCd configuration ..
* Configuration loaded without any problems ..
* Loading tunefile..
* Dynamic configuration initialized .. booting IRCd.
---------------------------------------------------------------------
 _   _                      _ ___________  _____     _ 
| | | |                    | |_   _| ___ \/  __ \   | |
| | | |_ __  _ __ ___  __ _| | | | | |_/ /| /  \/ __| |
| | | | '_ \| '__/ _ \/ _` | | | | |    / | |    / _` |
| |_| | | | | | |  __/ (_| | |_| |_| |\ \ | \__/\ (_| |
 \___/|_| |_|_|  \___|\__,_|_|\___/\_| \_| \____/\__,_|
                           v3.2.8.1
                     using TRE 0.7.5 (LGPL)
                     using libcurl/7.18.0 OpenSSL/0.9.8g zlib/1.2.3.3 libidn/1.1

* Loading IRCd configuration ..
* Configuration loaded without any problems ..
* Loading tunefile..
* Dynamic configuration initialized .. booting IRCd.
---------------------------------------------------------------------
 _   _                      _ ___________  _____     _ 
| | | |                    | |_   _| ___ \/  __ \   | |
| | | |_ __  _ __ ___  __ _| | | | | |_/ /| /  \/ __| |
| | | | '_ \| '__/ _ \/ _` | | | | |    / | |    / _` |
| |_| | | | | | |  __/ (_| | |_| |_| |\ \ | \__/\ (_| |
 \___/|_| |_|_|  \___|\__,_|_|\___/\_| \_| \____/\__,_|
                           v3.2.8.1
                     using TRE 0.7.5 (LGPL)
                     using libcurl/7.18.0 OpenSSL/0.9.8g zlib/1.2.3.3 libidn/1.1

* Loading IRCd configuration ..
* Configuration loaded without any problems ..
* Loading tunefile..
* Dynamic configuration initialized .. booting IRCd.
---------------------------------------------------------------------
 _   _                      _ ___________  _____     _ 
| | | |                    | |_   _| ___ \/  __ \   | |
| | | |_ __  _ __ ___  __ _| | | | | |_/ /| /  \/ __| |
| | | | '_ \| '__/ _ \/ _` | | | | |    / | |    / _` |
| |_| | | | | | |  __/ (_| | |_| |_| |\ \ | \__/\ (_| |
 \___/|_| |_|_|  \___|\__,_|_|\___/\_| \_| \____/\__,_|
                           v3.2.8.1
                     using TRE 0.7.5 (LGPL)
                     using libcurl/7.18.0 OpenSSL/0.9.8g zlib/1.2.3.3 libidn/1.1

* Loading IRCd configuration ..
* Configuration loaded without any problems ..
* Loading tunefile..
* Dynamic configuration initialized .. booting IRCd.
---------------------------------------------------------------------
 _   _                      _ ___________  _____     _ 
| | | |                    | |_   _| ___ \/  __ \   | |
| | | |_ __  _ __ ___  __ _| | | | | |_/ /| /  \/ __| |
| | | | '_ \| '__/ _ \/ _` | | | | |    / | |    / _` |
| |_| | | | | | |  __/ (_| | |_| |_| |\ \ | \__/\ (_| |
 \___/|_| |_|_|  \___|\__,_|_|\___/\_| \_| \____/\__,_|
                           v3.2.8.1
                     using TRE 0.7.5 (LGPL)
                     using libcurl/7.18.0 OpenSSL/0.9.8g zlib/1.2.3.3 libidn/1.1

* Loading IRCd configuration ..
* Configuration loaded without any problems ..
* Loading tunefile..
* Dynamic configuration initialized .. booting IRCd.
---------------------------------------------------------------------
 _   _                      _ ___________  _____     _ 
| | | |                    | |_   _| ___ \/  __ \   | |
| | | |_ __  _ __ ___  __ _| | | | | |_/ /| /  \/ __| |
| | | | '_ \| '__/ _ \/ _` | | | | |    / | |    / _` |
| |_| | | | | | |  __/ (_| | |_| |_| |\ \ | \__/\ (_| |
 \___/|_| |_|_|  \___|\__,_|_|\___/\_| \_| \____/\__,_|
                           v3.2.8.1
                     using TRE 0.7.5 (LGPL)
                     using libcurl/7.18.0 OpenSSL/0.9.8g zlib/1.2.3.3 libidn/1.1

* Loading IRCd configuration ..
* Configuration loaded without any problems ..
* Loading tunefile..
* Dynamic configuration initialized .. booting IRCd.
---------------------------------------------------------------------
